2023-08-13T16:50:33.570688+00:00 WARNING 'ansible_navigator.image_manager.puller._log_message' Image inspection failed, image assumed to be corrupted or missing
2023-08-13T16:50:33.736971+00:00 ERROR 'ansible_navigator.image_manager.puller._log_message' Execution environment pull failed
2023-08-13T16:51:52.863603+00:00 WARNING 'ansible_navigator.image_manager.puller._log_message' Image inspection failed, image assumed to be corrupted or missing
2023-08-13T16:51:53.016174+00:00 ERROR 'ansible_navigator.image_manager.puller._log_message' Execution environment pull failed
2023-11-14T20:49:00.982581+00:00 INFO 'ansible_navigator.setup_logger' New ansible-navigator instance, logging initialized
2023-11-14T20:49:00.984350+00:00 INFO 'ansible_navigator.setup_logger' New ansible-runner instance, logging initialized
2023-11-14T20:49:00.984434+00:00 DEBUG 'ansible_navigator.main' Jinja2==3.0.3 
2023-11-14T20:49:00.984547+00:00 DEBUG 'ansible_navigator.main' MarkupSafe==2.1.0 
2023-11-14T20:49:00.984583+00:00 DEBUG 'ansible_navigator.main' PySocks==1.7.1 
2023-11-14T20:49:00.984613+00:00 DEBUG 'ansible_navigator.main' PyYAML==5.4.1 
2023-11-14T20:49:00.984641+00:00 DEBUG 'ansible_navigator.main' ansible-builder==3.0.0 
2023-11-14T20:49:00.984668+00:00 DEBUG 'ansible_navigator.main' ansible-navigator==3.4.1 
2023-11-14T20:49:00.984694+00:00 DEBUG 'ansible_navigator.main' ansible-runner==2.3.4 
2023-11-14T20:49:00.984721+00:00 DEBUG 'ansible_navigator.main' attrs==21.4.0 /usr/lib/python3.9/site-packages/attrs/__init__.py
2023-11-14T20:49:00.984747+00:00 DEBUG 'ansible_navigator.main' bindep==2.10.2 /usr/lib/python3.9/site-packages/bindep/__init__.py
2023-11-14T20:49:00.984773+00:00 DEBUG 'ansible_navigator.main' certifi==2020.6.20 /usr/lib/python3.9/site-packages/certifi/__init__.py
2023-11-14T20:49:00.984799+00:00 DEBUG 'ansible_navigator.main' cffi==1.15.0 /usr/lib64/python3.9/site-packages/cffi/__init__.py
2023-11-14T20:49:00.984825+00:00 DEBUG 'ansible_navigator.main' chardet==4.0.0 /usr/lib/python3.9/site-packages/chardet/__init__.py
2023-11-14T20:49:00.984851+00:00 DEBUG 'ansible_navigator.main' charset-normalizer==2.0.11 
2023-11-14T20:49:00.984897+00:00 DEBUG 'ansible_navigator.main' cryptography==36.0.1 /usr/lib64/python3.9/site-packages/cryptography/__init__.py
2023-11-14T20:49:00.984921+00:00 DEBUG 'ansible_navigator.main' dasbus==1.4 /usr/lib/python3.9/site-packages/dasbus/__init__.py
2023-11-14T20:49:00.984945+00:00 DEBUG 'ansible_navigator.main' dbus-python==1.2.18 
2023-11-14T20:49:00.984970+00:00 DEBUG 'ansible_navigator.main' decorator==4.4.2 /usr/lib/python3.9/site-packages/decorator.py
2023-11-14T20:49:00.984993+00:00 DEBUG 'ansible_navigator.main' distro==1.6.0 /usr/lib/python3.9/site-packages/distro.py
2023-11-14T20:49:00.985018+00:00 DEBUG 'ansible_navigator.main' docutils==0.16 /usr/lib/python3.9/site-packages/docutils/__init__.py
2023-11-14T20:49:00.985041+00:00 DEBUG 'ansible_navigator.main' ethtool==0.15 /usr/lib64/python3.9/site-packages/ethtool.cpython-39-x86_64-linux-gnu.so
2023-11-14T20:49:00.985065+00:00 DEBUG 'ansible_navigator.main' file-magic==0.4.0 
2023-11-14T20:49:00.985090+00:00 DEBUG 'ansible_navigator.main' idna==3.3 /usr/lib/python3.9/site-packages/idna/__init__.py
2023-11-14T20:49:00.985113+00:00 DEBUG 'ansible_navigator.main' importlib-metadata==4.10.1 
2023-11-14T20:49:00.985137+00:00 DEBUG 'ansible_navigator.main' iniparse==0.4 /usr/lib/python3.9/site-packages/iniparse/__init__.py
2023-11-14T20:49:00.985161+00:00 DEBUG 'ansible_navigator.main' jsonschema==4.6.0 /usr/lib/python3.9/site-packages/jsonschema/__init__.py
2023-11-14T20:49:00.985185+00:00 DEBUG 'ansible_navigator.main' lockfile==0.12.2 /usr/lib/python3.9/site-packages/lockfile/__init__.py
2023-11-14T20:49:00.985209+00:00 DEBUG 'ansible_navigator.main' lxml==4.6.5 /usr/lib64/python3.9/site-packages/lxml/__init__.py
2023-11-14T20:49:00.985261+00:00 DEBUG 'ansible_navigator.main' onigurumacffi==1.1.0 /usr/lib64/python3.9/site-packages/onigurumacffi.py
2023-11-14T20:49:00.985309+00:00 DEBUG 'ansible_navigator.main' packaging==21.3 /usr/lib/python3.9/site-packages/packaging/__init__.py
2023-11-14T20:49:00.985361+00:00 DEBUG 'ansible_navigator.main' pbr==5.8.1 /usr/lib/python3.9/site-packages/pbr/__init__.py
2023-11-14T20:49:00.985388+00:00 DEBUG 'ansible_navigator.main' perf==0.1 /usr/lib64/python3.9/site-packages/perf.cpython-39-x86_64-linux-gnu.so
2023-11-14T20:49:00.985412+00:00 DEBUG 'ansible_navigator.main' psutil==5.8.0 /usr/lib64/python3.9/site-packages/psutil/__init__.py
2023-11-14T20:49:00.985436+00:00 DEBUG 'ansible_navigator.main' pyOpenSSL==19.1.0 
2023-11-14T20:49:00.985461+00:00 DEBUG 'ansible_navigator.main' pycairo==1.20.1 
2023-11-14T20:49:00.985485+00:00 DEBUG 'ansible_navigator.main' pycparser==2.21 /usr/lib/python3.9/site-packages/pycparser/__init__.py
2023-11-14T20:49:00.985509+00:00 DEBUG 'ansible_navigator.main' pyinotify==0.9.6 /usr/lib/python3.9/site-packages/pyinotify.py
2023-11-14T20:49:00.985533+00:00 DEBUG 'ansible_navigator.main' pyparsing==2.4.7 /usr/lib/python3.9/site-packages/pyparsing.py
2023-11-14T20:49:00.985557+00:00 DEBUG 'ansible_navigator.main' pyrsistent==0.17.3 /usr/lib64/python3.9/site-packages/pyrsistent/__init__.py
2023-11-14T20:49:00.985581+00:00 DEBUG 'ansible_navigator.main' python-daemon==2.3.0 
2023-11-14T20:49:00.985605+00:00 DEBUG 'ansible_navigator.main' python-dateutil==2.8.1 
2023-11-14T20:49:00.985629+00:00 DEBUG 'ansible_navigator.main' python-linux-procfs==0.7.0 
2023-11-14T20:49:00.985653+00:00 DEBUG 'ansible_navigator.main' pyudev==0.22.0 /usr/lib/python3.9/site-packages/pyudev/__init__.py
2023-11-14T20:49:00.985678+00:00 DEBUG 'ansible_navigator.main' requests==2.27.1 /usr/lib/python3.9/site-packages/requests/__init__.py
2023-11-14T20:49:00.985702+00:00 DEBUG 'ansible_navigator.main' requirements-parser==0.2.0 
2023-11-14T20:49:00.985726+00:00 DEBUG 'ansible_navigator.main' resolvelib==0.5.4 /usr/lib/python3.9/site-packages/resolvelib/__init__.py
2023-11-14T20:49:00.985750+00:00 DEBUG 'ansible_navigator.main' selinux==3.5 /usr/lib64/python3.9/site-packages/selinux/__init__.py
2023-11-14T20:49:00.985774+00:00 DEBUG 'ansible_navigator.main' sepolicy==3.5 /usr/lib/python3.9/site-packages/sepolicy/__init__.py
2023-11-14T20:49:00.985798+00:00 DEBUG 'ansible_navigator.main' setools==4.4.1 /usr/lib64/python3.9/site-packages/setools/__init__.py
2023-11-14T20:49:00.985822+00:00 DEBUG 'ansible_navigator.main' setroubleshoot==3.3.31 /usr/lib/python3.9/site-packages/setroubleshoot/__init__.py
2023-11-14T20:49:00.985847+00:00 DEBUG 'ansible_navigator.main' setuptools==53.0.0 /usr/lib/python3.9/site-packages/setuptools/__init__.py
2023-11-14T20:49:00.985871+00:00 DEBUG 'ansible_navigator.main' six==1.16.0 /usr/lib/python3.9/site-packages/six.py
2023-11-14T20:49:00.985896+00:00 DEBUG 'ansible_navigator.main' sos==4.5.5 /usr/lib/python3.9/site-packages/sos/__init__.py
2023-11-14T20:49:00.985920+00:00 DEBUG 'ansible_navigator.main' subscription-manager==1.29.33.1 
2023-11-14T20:49:00.985944+00:00 DEBUG 'ansible_navigator.main' typing-extensions==3.10.0.2 
2023-11-14T20:49:00.985967+00:00 DEBUG 'ansible_navigator.main' urllib3==1.26.8 /usr/lib/python3.9/site-packages/urllib3/__init__.py
2023-11-14T20:49:00.985991+00:00 DEBUG 'ansible_navigator.main' zipp==3.4.0 /usr/lib/python3.9/site-packages/zipp.py
2023-11-14T20:49:00.986015+00:00 DEBUG 'ansible_navigator.main' Default collection_doc_cache_path set to: /home/ray/.cache/ansible-navigator/collection_doc_cache.db
2023-11-14T20:49:00.986040+00:00 DEBUG 'ansible_navigator.main' EDITOR environment variable not set
2023-11-14T20:49:00.986064+00:00 DEBUG 'ansible_navigator.main' Default editor_command set to: vi +{line_number} {filename}
2023-11-14T20:49:00.986087+00:00 DEBUG 'ansible_navigator.main' No config file set by ANSIBLE_NAVIGATOR_CONFIG
2023-11-14T20:49:00.986111+00:00 DEBUG 'ansible_navigator.main' Looking in /home/ray
2023-11-14T20:49:00.986135+00:00 DEBUG 'ansible_navigator.main' Looking for '/home/ray/.ansible-navigator.yml', '/home/ray/.ansible-navigator.yaml' and '/home/ray/.ansible-navigator.json'
2023-11-14T20:49:00.986159+00:00 DEBUG 'ansible_navigator.main' Found 0: 
2023-11-14T20:49:00.986188+00:00 DEBUG 'ansible_navigator.main' Looking in /home/ray/ansible
2023-11-14T20:49:00.986213+00:00 DEBUG 'ansible_navigator.main' Looking for '/home/ray/ansible/ansible-navigator.yml', '/home/ray/ansible/ansible-navigator.yaml' and '/home/ray/ansible/ansible-navigator.json'
2023-11-14T20:49:00.986238+00:00 DEBUG 'ansible_navigator.main' Found 1: '/home/ray/ansible/ansible-navigator.yml'
2023-11-14T20:49:00.986263+00:00 DEBUG 'ansible_navigator.main' All found 1: '/home/ray/ansible/ansible-navigator.yml'
2023-11-14T20:49:00.986287+00:00 DEBUG 'ansible_navigator.main' Using: /home/ray/ansible/ansible-navigator.yml
2023-11-14T20:49:00.986322+00:00 DEBUG 'ansible_navigator.main' Using settings file at /home/ray/ansible/ansible-navigator.yml in search path
2023-11-14T20:49:00.986347+00:00 DEBUG 'ansible_navigator.main' Command provided: 'all -a 'cat /etc/issue' -b -m stdout'
2023-11-14T20:49:00.986372+00:00 DEBUG 'ansible_navigator.main' ansible-navigator.ansible-runner.artifact-dir not found in settings file
2023-11-14T20:49:00.986396+00:00 DEBUG 'ansible_navigator.main' ansible-navigator.ansible-runner.rotate-artifacts-count not found in settings file
2023-11-14T20:49:00.986420+00:00 DEBUG 'ansible_navigator.main' ansible-navigator.ansible-runner.timeout not found in settings file
2023-11-14T20:49:00.986444+00:00 DEBUG 'ansible_navigator.main' ansible-navigator.ansible-runner.job-events not found in settings file
2023-11-14T20:49:00.986469+00:00 DEBUG 'ansible_navigator.main' ansible-navigator.app not found in settings file
2023-11-14T20:49:00.986493+00:00 DEBUG 'ansible_navigator.main' ansible-navigator.ansible.cmdline not found in settings file
2023-11-14T20:49:00.986517+00:00 DEBUG 'ansible_navigator.main' ansible-navigator.collection-doc-cache-path not found in settings file
2023-11-14T20:49:00.986542+00:00 DEBUG 'ansible_navigator.main' ansible-navigator.ansible.config.path not found in settings file
2023-11-14T20:49:00.986566+00:00 DEBUG 'ansible_navigator.main' ansible-navigator.execution-environment.container-engine not found in settings file
2023-11-14T20:49:00.986590+00:00 DEBUG 'ansible_navigator.main' ansible-navigator.execution-environment.container-options not found in settings file
2023-11-14T20:49:00.986614+00:00 DEBUG 'ansible_navigator.main' ansible-navigator.color.enable not found in settings file
2023-11-14T20:49:00.986639+00:00 DEBUG 'ansible_navigator.main' ansible-navigator.editor.command not found in settings file
2023-11-14T20:49:00.986662+00:00 DEBUG 'ansible_navigator.main' ansible-navigator.editor.console not found in settings file
2023-11-14T20:49:00.986686+00:00 DEBUG 'ansible_navigator.main' ansible-navigator.enable-prompts not found in settings file
2023-11-14T20:49:00.986710+00:00 DEBUG 'ansible_navigator.main' ansible-navigator.exec.command not found in settings file
2023-11-14T20:49:00.986734+00:00 DEBUG 'ansible_navigator.main' ansible-navigator.exec.shell not found in settings file
2023-11-14T20:49:00.986759+00:00 DEBUG 'ansible_navigator.main' ansible-navigator.execution-environment.enabled not found in settings file
2023-11-14T20:49:00.986783+00:00 DEBUG 'ansible_navigator.main' ansible-navigator.execution-environment.volume-mounts not found in settings file
2023-11-14T20:49:00.986807+00:00 DEBUG 'ansible_navigator.main' ansible-navigator.format not found in settings file
2023-11-14T20:49:00.986831+00:00 DEBUG 'ansible_navigator.main' ansible-navigator.ansible-builder.help not found in settings file
2023-11-14T20:49:00.986855+00:00 DEBUG 'ansible_navigator.main' ansible-navigator.ansible.config.help not found in settings file
2023-11-14T20:49:00.986878+00:00 DEBUG 'ansible_navigator.main' ansible-navigator.ansible.doc.help not found in settings file
2023-11-14T20:49:00.986902+00:00 DEBUG 'ansible_navigator.main' ansible-navigator.ansible.inventory.help not found in settings file
2023-11-14T20:49:00.986926+00:00 DEBUG 'ansible_navigator.main' ansible-navigator.ansible.playbook.help not found in settings file
2023-11-14T20:49:00.986950+00:00 DEBUG 'ansible_navigator.main' ansible-navigator.images.details not found in settings file
2023-11-14T20:49:00.986977+00:00 DEBUG 'ansible_navigator.main' ansible-navigator.ansible.inventory.entries not found in settings file
2023-11-14T20:49:00.987002+00:00 DEBUG 'ansible_navigator.main' ansible-navigator.inventory-columns not found in settings file
2023-11-14T20:49:00.987025+00:00 DEBUG 'ansible_navigator.main' ansible-navigator.ansible-lint.config not found in settings file
2023-11-14T20:49:00.987050+00:00 DEBUG 'ansible_navigator.main' ansible-navigator.ansible-lint.lintables not found in settings file
2023-11-14T20:49:00.987073+00:00 DEBUG 'ansible_navigator.main' ansible-navigator.logging.append not found in settings file
2023-11-14T20:49:00.987097+00:00 DEBUG 'ansible_navigator.main' ansible-navigator.logging.file not found in settings file
2023-11-14T20:49:00.987121+00:00 DEBUG 'ansible_navigator.main' ansible-navigator.logging.level not found in settings file
2023-11-14T20:49:00.987145+00:00 DEBUG 'ansible_navigator.main' ansible-navigator.mode not found in settings file
2023-11-14T20:49:00.987169+00:00 DEBUG 'ansible_navigator.main' ansible-navigator.color.osc4 not found in settings file
2023-11-14T20:49:00.987193+00:00 DEBUG 'ansible_navigator.main' ansible-navigator.execution-environment.environment-variables.pass not found in settings file
2023-11-14T20:49:00.987217+00:00 DEBUG 'ansible_navigator.main' ansible-navigator.ansible.playbook.path not found in settings file
2023-11-14T20:49:00.987241+00:00 DEBUG 'ansible_navigator.main' ansible-navigator.playbook-artifact.replay not found in settings file
2023-11-14T20:49:00.987265+00:00 DEBUG 'ansible_navigator.main' ansible-navigator.playbook-artifact.save-as not found in settings file
2023-11-14T20:49:00.987289+00:00 DEBUG 'ansible_navigator.main' ansible-navigator.ansible.doc.plugin.name not found in settings file
2023-11-14T20:49:00.987314+00:00 DEBUG 'ansible_navigator.main' ansible-navigator.ansible.doc.plugin.type not found in settings file
2023-11-14T20:49:00.987338+00:00 DEBUG 'ansible_navigator.main' ansible-navigator.execution-environment.pull.arguments not found in settings file
2023-11-14T20:49:00.987361+00:00 DEBUG 'ansible_navigator.main' ansible-navigator.execution-environment.environment-variables.set not found in settings file
2023-11-14T20:49:00.987386+00:00 DEBUG 'ansible_navigator.main' ansible-navigator.settings.effective not found in settings file
2023-11-14T20:49:00.987410+00:00 DEBUG 'ansible_navigator.main' ansible-navigator.settings.sample not found in settings file
2023-11-14T20:49:00.987434+00:00 DEBUG 'ansible_navigator.main' ansible-navigator.settings.schema not found in settings file
2023-11-14T20:49:00.987458+00:00 DEBUG 'ansible_navigator.main' ansible-navigator.settings.sources not found in settings file
2023-11-14T20:49:00.987482+00:00 DEBUG 'ansible_navigator.main' ansible-navigator.time-zone not found in settings file
2023-11-14T20:49:00.987505+00:00 DEBUG 'ansible_navigator.main' ansible-navigator.ansible-builder.workdir not found in settings file
2023-11-14T20:49:00.987533+00:00 WARNING 'ansible_navigator.main' Configuration errors encountered, rolling back to previous configuration.
2023-11-14T20:49:00.987557+00:00 DEBUG 'ansible_navigator.main' Prior to rollback: ansible_runner_artifact_dir = 'Not set' (Constants/Not set)
2023-11-14T20:49:00.987581+00:00 DEBUG 'ansible_navigator.main' Prior to rollback: ansible_runner_rotate_artifacts_count = 'Not set' (Constants/Not set)
2023-11-14T20:49:00.987606+00:00 DEBUG 'ansible_navigator.main' Prior to rollback: ansible_runner_timeout = 'Not set' (Constants/Not set)
2023-11-14T20:49:00.987630+00:00 DEBUG 'ansible_navigator.main' Prior to rollback: ansible_runner_write_job_events = 'False' (bool/Defaults)
2023-11-14T20:49:00.987653+00:00 DEBUG 'ansible_navigator.main' Prior to rollback: app = 'welcome' (str/Defaults)
2023-11-14T20:49:00.987677+00:00 DEBUG 'ansible_navigator.main' Prior to rollback: cmdline = '['all', '-a', 'cat /etc/issue', '-b', '-m', 'stdout']' (list/Command line)
2023-11-14T20:49:00.987704+00:00 DEBUG 'ansible_navigator.main' Prior to rollback: collection_doc_cache_path = '/home/ray/.cache/ansible-navigator/collection_doc_cache.db' (str/Defaults)
2023-11-14T20:49:00.987729+00:00 DEBUG 'ansible_navigator.main' Prior to rollback: config = 'Not set' (Constants/Not set)
2023-11-14T20:49:00.987754+00:00 DEBUG 'ansible_navigator.main' Prior to rollback: container_engine = 'auto' (str/Defaults)
2023-11-14T20:49:00.987778+00:00 DEBUG 'ansible_navigator.main' Prior to rollback: container_options = 'Not set' (Constants/Not set)
2023-11-14T20:49:00.987802+00:00 DEBUG 'ansible_navigator.main' Prior to rollback: display_color = 'True' (bool/Defaults)
2023-11-14T20:49:00.987826+00:00 DEBUG 'ansible_navigator.main' Prior to rollback: editor_command = 'vi +{line_number} {filename}' (str/Defaults)
2023-11-14T20:49:00.987850+00:00 DEBUG 'ansible_navigator.main' Prior to rollback: editor_console = 'True' (bool/Defaults)
2023-11-14T20:49:00.987875+00:00 DEBUG 'ansible_navigator.main' Prior to rollback: enable_prompts = 'False' (bool/Defaults)
2023-11-14T20:49:00.987899+00:00 DEBUG 'ansible_navigator.main' Prior to rollback: exec_command = '/bin/bash' (str/Defaults)
2023-11-14T20:49:00.987923+00:00 DEBUG 'ansible_navigator.main' Prior to rollback: exec_shell = 'True' (bool/Defaults)
2023-11-14T20:49:00.987947+00:00 DEBUG 'ansible_navigator.main' Prior to rollback: execution_environment = 'True' (bool/Defaults)
2023-11-14T20:49:00.987972+00:00 DEBUG 'ansible_navigator.main' Prior to rollback: execution_environment_image = 'registry.redhat.io/ansible-automation-platform-22/ee-supported-rhel8:latest' (str/Settings file)
2023-11-14T20:49:00.987996+00:00 DEBUG 'ansible_navigator.main' Prior to rollback: execution_environment_volume_mounts = 'Not set' (Constants/Not set)
2023-11-14T20:49:00.988021+00:00 DEBUG 'ansible_navigator.main' Prior to rollback: format = 'yaml' (str/Defaults)
2023-11-14T20:49:00.988045+00:00 DEBUG 'ansible_navigator.main' Prior to rollback: help_builder = 'False' (bool/Defaults)
2023-11-14T20:49:00.988069+00:00 DEBUG 'ansible_navigator.main' Prior to rollback: help_config = 'False' (bool/Defaults)
2023-11-14T20:49:00.988093+00:00 DEBUG 'ansible_navigator.main' Prior to rollback: help_doc = 'False' (bool/Defaults)
2023-11-14T20:49:00.988117+00:00 DEBUG 'ansible_navigator.main' Prior to rollback: help_inventory = 'False' (bool/Defaults)
2023-11-14T20:49:00.988141+00:00 DEBUG 'ansible_navigator.main' Prior to rollback: help_playbook = 'False' (bool/Defaults)
2023-11-14T20:49:00.988165+00:00 DEBUG 'ansible_navigator.main' Prior to rollback: images_details = '['everything']' (list/Defaults)
2023-11-14T20:49:00.988189+00:00 DEBUG 'ansible_navigator.main' Prior to rollback: inventory = 'Not set' (Constants/Not set)
2023-11-14T20:49:00.988235+00:00 DEBUG 'ansible_navigator.main' Prior to rollback: inventory_column = 'Not set' (Constants/Not set)
2023-11-14T20:49:00.988276+00:00 DEBUG 'ansible_navigator.main' Prior to rollback: lint_config = 'Not set' (Constants/Not set)
2023-11-14T20:49:00.988301+00:00 DEBUG 'ansible_navigator.main' Prior to rollback: lintables = 'Not set' (Constants/Not set)
2023-11-14T20:49:00.988325+00:00 DEBUG 'ansible_navigator.main' Prior to rollback: log_append = 'True' (bool/Defaults)
2023-11-14T20:49:00.988349+00:00 DEBUG 'ansible_navigator.main' Prior to rollback: log_file = '/home/ray/ansible/ansible-navigator.log' (str/Defaults)
2023-11-14T20:49:00.988373+00:00 DEBUG 'ansible_navigator.main' Prior to rollback: log_level = 'warning' (str/Defaults)
2023-11-14T20:49:00.988397+00:00 DEBUG 'ansible_navigator.main' Prior to rollback: mode = 'interactive' (str/Defaults)
2023-11-14T20:49:00.988421+00:00 DEBUG 'ansible_navigator.main' Prior to rollback: osc4 = 'True' (bool/Defaults)
2023-11-14T20:49:00.988445+00:00 DEBUG 'ansible_navigator.main' Prior to rollback: pass_environment_variable = 'Not set' (Constants/Not set)
2023-11-14T20:49:00.988469+00:00 DEBUG 'ansible_navigator.main' Prior to rollback: playbook = 'Not set' (Constants/Not set)
2023-11-14T20:49:00.988493+00:00 DEBUG 'ansible_navigator.main' Prior to rollback: playbook_artifact_enable = 'False' (bool/Settings file)
2023-11-14T20:49:00.988520+00:00 DEBUG 'ansible_navigator.main' Prior to rollback: playbook_artifact_replay = 'Not set' (Constants/Not set)
2023-11-14T20:49:00.988544+00:00 DEBUG 'ansible_navigator.main' Prior to rollback: playbook_artifact_save_as = '{playbook_dir}/{playbook_name}-artifact-{time_stamp}.json' (str/Defaults)
2023-11-14T20:49:00.988569+00:00 DEBUG 'ansible_navigator.main' Prior to rollback: plugin_name = 'Not set' (Constants/Not set)
2023-11-14T20:49:00.988594+00:00 DEBUG 'ansible_navigator.main' Prior to rollback: plugin_type = 'module' (str/Defaults)
2023-11-14T20:49:00.988618+00:00 DEBUG 'ansible_navigator.main' Prior to rollback: pull_arguments = 'Not set' (Constants/Not set)
2023-11-14T20:49:00.988642+00:00 DEBUG 'ansible_navigator.main' Prior to rollback: pull_policy = 'missing' (str/Settings file)
2023-11-14T20:49:00.988666+00:00 DEBUG 'ansible_navigator.main' Prior to rollback: set_environment_variable = 'Not set' (Constants/Not set)
2023-11-14T20:49:00.988690+00:00 DEBUG 'ansible_navigator.main' Prior to rollback: settings_effective = 'False' (bool/Defaults)
2023-11-14T20:49:00.988714+00:00 DEBUG 'ansible_navigator.main' Prior to rollback: settings_sample = 'False' (bool/Defaults)
2023-11-14T20:49:00.988738+00:00 DEBUG 'ansible_navigator.main' Prior to rollback: settings_schema = 'json' (str/Defaults)
2023-11-14T20:49:00.988762+00:00 DEBUG 'ansible_navigator.main' Prior to rollback: settings_sources = 'False' (bool/Defaults)
2023-11-14T20:49:00.988786+00:00 DEBUG 'ansible_navigator.main' Prior to rollback: time_zone = 'UTC' (str/Defaults)
2023-11-14T20:49:00.988811+00:00 DEBUG 'ansible_navigator.main' Prior to rollback: workdir = '/home/ray/ansible' (str/Defaults)
2023-11-14T20:49:00.988835+00:00 DEBUG 'ansible_navigator.main' After rollback: ansible_runner_artifact_dir = 'Not set' (Constants/Not set)
2023-11-14T20:49:00.988859+00:00 DEBUG 'ansible_navigator.main' After rollback: ansible_runner_rotate_artifacts_count = 'Not set' (Constants/Not set)
2023-11-14T20:49:00.988883+00:00 DEBUG 'ansible_navigator.main' After rollback: ansible_runner_timeout = 'Not set' (Constants/Not set)
2023-11-14T20:49:00.988907+00:00 DEBUG 'ansible_navigator.main' After rollback: ansible_runner_write_job_events = 'Not set' (Constants/Not set)
2023-11-14T20:49:00.988931+00:00 DEBUG 'ansible_navigator.main' After rollback: app = 'Not set' (Constants/Not set)
2023-11-14T20:49:00.988955+00:00 DEBUG 'ansible_navigator.main' After rollback: cmdline = 'Not set' (Constants/Not set)
2023-11-14T20:49:00.988979+00:00 DEBUG 'ansible_navigator.main' After rollback: collection_doc_cache_path = 'Not set' (Constants/Not set)
2023-11-14T20:49:00.989003+00:00 DEBUG 'ansible_navigator.main' After rollback: config = 'Not set' (Constants/Not set)
2023-11-14T20:49:00.989027+00:00 DEBUG 'ansible_navigator.main' After rollback: container_engine = 'Not set' (Constants/Not set)
2023-11-14T20:49:00.989051+00:00 DEBUG 'ansible_navigator.main' After rollback: container_options = 'Not set' (Constants/Not set)
2023-11-14T20:49:00.989075+00:00 DEBUG 'ansible_navigator.main' After rollback: display_color = 'Not set' (Constants/Not set)
2023-11-14T20:49:00.989099+00:00 DEBUG 'ansible_navigator.main' After rollback: editor_command = 'Not set' (Constants/Not set)
2023-11-14T20:49:00.989123+00:00 DEBUG 'ansible_navigator.main' After rollback: editor_console = 'Not set' (Constants/Not set)
2023-11-14T20:49:00.989147+00:00 DEBUG 'ansible_navigator.main' After rollback: enable_prompts = 'Not set' (Constants/Not set)
2023-11-14T20:49:00.989171+00:00 DEBUG 'ansible_navigator.main' After rollback: exec_command = 'Not set' (Constants/Not set)
2023-11-14T20:49:00.989195+00:00 DEBUG 'ansible_navigator.main' After rollback: exec_shell = 'Not set' (Constants/Not set)
2023-11-14T20:49:00.989219+00:00 DEBUG 'ansible_navigator.main' After rollback: execution_environment = 'Not set' (Constants/Not set)
2023-11-14T20:49:00.989245+00:00 DEBUG 'ansible_navigator.main' After rollback: execution_environment_image = 'Not set' (Constants/Not set)
2023-11-14T20:49:00.989333+00:00 DEBUG 'ansible_navigator.main' After rollback: execution_environment_volume_mounts = 'Not set' (Constants/Not set)
2023-11-14T20:49:00.989361+00:00 DEBUG 'ansible_navigator.main' After rollback: format = 'Not set' (Constants/Not set)
2023-11-14T20:49:00.989386+00:00 DEBUG 'ansible_navigator.main' After rollback: help_builder = 'Not set' (Constants/Not set)
2023-11-14T20:49:00.989410+00:00 DEBUG 'ansible_navigator.main' After rollback: help_config = 'Not set' (Constants/Not set)
2023-11-14T20:49:00.989435+00:00 DEBUG 'ansible_navigator.main' After rollback: help_doc = 'Not set' (Constants/Not set)
2023-11-14T20:49:00.989459+00:00 DEBUG 'ansible_navigator.main' After rollback: help_inventory = 'Not set' (Constants/Not set)
2023-11-14T20:49:00.989484+00:00 DEBUG 'ansible_navigator.main' After rollback: help_playbook = 'Not set' (Constants/Not set)
2023-11-14T20:49:00.989508+00:00 DEBUG 'ansible_navigator.main' After rollback: images_details = 'Not set' (Constants/Not set)
2023-11-14T20:49:00.989532+00:00 DEBUG 'ansible_navigator.main' After rollback: inventory = 'Not set' (Constants/Not set)
2023-11-14T20:49:00.989557+00:00 DEBUG 'ansible_navigator.main' After rollback: inventory_column = 'Not set' (Constants/Not set)
2023-11-14T20:49:00.989581+00:00 DEBUG 'ansible_navigator.main' After rollback: lint_config = 'Not set' (Constants/Not set)
2023-11-14T20:49:00.989605+00:00 DEBUG 'ansible_navigator.main' After rollback: lintables = 'Not set' (Constants/Not set)
2023-11-14T20:49:00.989629+00:00 DEBUG 'ansible_navigator.main' After rollback: log_append = 'Not set' (Constants/Not set)
2023-11-14T20:49:00.989652+00:00 DEBUG 'ansible_navigator.main' After rollback: log_file = 'Not set' (Constants/Not set)
2023-11-14T20:49:00.989676+00:00 DEBUG 'ansible_navigator.main' After rollback: log_level = 'Not set' (Constants/Not set)
2023-11-14T20:49:00.989701+00:00 DEBUG 'ansible_navigator.main' After rollback: mode = 'Not set' (Constants/Not set)
2023-11-14T20:49:00.989724+00:00 DEBUG 'ansible_navigator.main' After rollback: osc4 = 'Not set' (Constants/Not set)
2023-11-14T20:49:00.989748+00:00 DEBUG 'ansible_navigator.main' After rollback: pass_environment_variable = 'Not set' (Constants/Not set)
2023-11-14T20:49:00.989772+00:00 DEBUG 'ansible_navigator.main' After rollback: playbook = 'Not set' (Constants/Not set)
2023-11-14T20:49:00.989796+00:00 DEBUG 'ansible_navigator.main' After rollback: playbook_artifact_enable = 'Not set' (Constants/Not set)
2023-11-14T20:49:00.989820+00:00 DEBUG 'ansible_navigator.main' After rollback: playbook_artifact_replay = 'Not set' (Constants/Not set)
2023-11-14T20:49:00.989844+00:00 DEBUG 'ansible_navigator.main' After rollback: playbook_artifact_save_as = 'Not set' (Constants/Not set)
2023-11-14T20:49:00.989868+00:00 DEBUG 'ansible_navigator.main' After rollback: plugin_name = 'Not set' (Constants/Not set)
2023-11-14T20:49:00.989892+00:00 DEBUG 'ansible_navigator.main' After rollback: plugin_type = 'Not set' (Constants/Not set)
2023-11-14T20:49:00.989916+00:00 DEBUG 'ansible_navigator.main' After rollback: pull_arguments = 'Not set' (Constants/Not set)
2023-11-14T20:49:00.989940+00:00 DEBUG 'ansible_navigator.main' After rollback: pull_policy = 'Not set' (Constants/Not set)
2023-11-14T20:49:00.989964+00:00 DEBUG 'ansible_navigator.main' After rollback: set_environment_variable = 'Not set' (Constants/Not set)
2023-11-14T20:49:00.989988+00:00 DEBUG 'ansible_navigator.main' After rollback: settings_effective = 'Not set' (Constants/Not set)
2023-11-14T20:49:00.990012+00:00 DEBUG 'ansible_navigator.main' After rollback: settings_sample = 'Not set' (Constants/Not set)
2023-11-14T20:49:00.990036+00:00 DEBUG 'ansible_navigator.main' After rollback: settings_schema = 'Not set' (Constants/Not set)
2023-11-14T20:49:00.990059+00:00 DEBUG 'ansible_navigator.main' After rollback: settings_sources = 'Not set' (Constants/Not set)
2023-11-14T20:49:00.990083+00:00 DEBUG 'ansible_navigator.main' After rollback: time_zone = 'Not set' (Constants/Not set)
2023-11-14T20:49:00.990110+00:00 DEBUG 'ansible_navigator.main' After rollback: workdir = 'Not set' (Constants/Not set)
2023-11-14T20:49:00.990135+00:00 DEBUG 'ansible_navigator.main' Configuration rollback complete.
2023-11-14T20:49:00.990159+00:00 DEBUG 'ansible_navigator.main' Collection doc cache not mounted
2023-11-14T20:49:00.990195+00:00 WARNING 'ansible_navigator.main' Issues were found while applying the settings.
2023-11-14T20:49:00.990223+00:00 INFO 'ansible_navigator.main' Command provided: 'all -a 'cat /etc/issue' -b -m stdout'
2023-11-14T20:49:00.990253+00:00 ERROR 'ansible_navigator.main' argument {subcommand} --help: invalid choice: 'all' (choose from 'builder', 'collections', 'config', 'doc', 'exec', 'images', 'inventory', 'lint', 'replay', 'run', 'settings', 'welcome')
2023-11-14T20:49:00.990282+00:00 INFO 'ansible_navigator.main' Configuration failed, using default log file location. (/home/ray/ansible/ansible-navigator.log) Log level set to debug
2023-11-14T20:49:00.990309+00:00 INFO 'ansible_navigator.main' Review the hints and log file to see what went wrong.
2023-11-14T20:49:24.967704+00:00 INFO 'ansible_navigator.setup_logger' New ansible-navigator instance, logging initialized
2023-11-14T20:49:24.967935+00:00 INFO 'ansible_navigator.setup_logger' New ansible-runner instance, logging initialized
2023-11-14T20:49:24.967979+00:00 DEBUG 'ansible_navigator.main' Jinja2==3.0.3 
2023-11-14T20:49:24.968009+00:00 DEBUG 'ansible_navigator.main' MarkupSafe==2.1.0 
2023-11-14T20:49:24.968037+00:00 DEBUG 'ansible_navigator.main' PySocks==1.7.1 
2023-11-14T20:49:24.968062+00:00 DEBUG 'ansible_navigator.main' PyYAML==5.4.1 
2023-11-14T20:49:24.968087+00:00 DEBUG 'ansible_navigator.main' ansible-builder==3.0.0 
2023-11-14T20:49:24.968111+00:00 DEBUG 'ansible_navigator.main' ansible-navigator==3.4.1 
2023-11-14T20:49:24.968135+00:00 DEBUG 'ansible_navigator.main' ansible-runner==2.3.4 
2023-11-14T20:49:24.968159+00:00 DEBUG 'ansible_navigator.main' attrs==21.4.0 /usr/lib/python3.9/site-packages/attrs/__init__.py
2023-11-14T20:49:24.968183+00:00 DEBUG 'ansible_navigator.main' bindep==2.10.2 /usr/lib/python3.9/site-packages/bindep/__init__.py
2023-11-14T20:49:24.968207+00:00 DEBUG 'ansible_navigator.main' certifi==2020.6.20 /usr/lib/python3.9/site-packages/certifi/__init__.py
2023-11-14T20:49:24.968230+00:00 DEBUG 'ansible_navigator.main' cffi==1.15.0 /usr/lib64/python3.9/site-packages/cffi/__init__.py
2023-11-14T20:49:24.968254+00:00 DEBUG 'ansible_navigator.main' chardet==4.0.0 /usr/lib/python3.9/site-packages/chardet/__init__.py
2023-11-14T20:49:24.968277+00:00 DEBUG 'ansible_navigator.main' charset-normalizer==2.0.11 
2023-11-14T20:49:24.968301+00:00 DEBUG 'ansible_navigator.main' cryptography==36.0.1 /usr/lib64/python3.9/site-packages/cryptography/__init__.py
2023-11-14T20:49:24.968324+00:00 DEBUG 'ansible_navigator.main' dasbus==1.4 /usr/lib/python3.9/site-packages/dasbus/__init__.py
2023-11-14T20:49:24.968348+00:00 DEBUG 'ansible_navigator.main' dbus-python==1.2.18 
2023-11-14T20:49:24.968371+00:00 DEBUG 'ansible_navigator.main' decorator==4.4.2 /usr/lib/python3.9/site-packages/decorator.py
2023-11-14T20:49:24.968497+00:00 DEBUG 'ansible_navigator.main' distro==1.6.0 /usr/lib/python3.9/site-packages/distro.py
2023-11-14T20:49:24.968578+00:00 DEBUG 'ansible_navigator.main' docutils==0.16 /usr/lib/python3.9/site-packages/docutils/__init__.py
2023-11-14T20:49:24.968605+00:00 DEBUG 'ansible_navigator.main' ethtool==0.15 /usr/lib64/python3.9/site-packages/ethtool.cpython-39-x86_64-linux-gnu.so
2023-11-14T20:49:24.968631+00:00 DEBUG 'ansible_navigator.main' file-magic==0.4.0 
2023-11-14T20:49:24.968656+00:00 DEBUG 'ansible_navigator.main' idna==3.3 /usr/lib/python3.9/site-packages/idna/__init__.py
2023-11-14T20:49:24.968680+00:00 DEBUG 'ansible_navigator.main' importlib-metadata==4.10.1 
2023-11-14T20:49:24.968704+00:00 DEBUG 'ansible_navigator.main' iniparse==0.4 /usr/lib/python3.9/site-packages/iniparse/__init__.py
2023-11-14T20:49:24.968729+00:00 DEBUG 'ansible_navigator.main' jsonschema==4.6.0 /usr/lib/python3.9/site-packages/jsonschema/__init__.py
2023-11-14T20:49:24.968765+00:00 DEBUG 'ansible_navigator.main' lockfile==0.12.2 /usr/lib/python3.9/site-packages/lockfile/__init__.py
2023-11-14T20:49:24.968791+00:00 DEBUG 'ansible_navigator.main' lxml==4.6.5 /usr/lib64/python3.9/site-packages/lxml/__init__.py
2023-11-14T20:49:24.968814+00:00 DEBUG 'ansible_navigator.main' onigurumacffi==1.1.0 /usr/lib64/python3.9/site-packages/onigurumacffi.py
2023-11-14T20:49:24.968838+00:00 DEBUG 'ansible_navigator.main' packaging==21.3 /usr/lib/python3.9/site-packages/packaging/__init__.py
2023-11-14T20:49:24.968862+00:00 DEBUG 'ansible_navigator.main' pbr==5.8.1 /usr/lib/python3.9/site-packages/pbr/__init__.py
2023-11-14T20:49:24.968885+00:00 DEBUG 'ansible_navigator.main' perf==0.1 /usr/lib64/python3.9/site-packages/perf.cpython-39-x86_64-linux-gnu.so
2023-11-14T20:49:24.968909+00:00 DEBUG 'ansible_navigator.main' psutil==5.8.0 /usr/lib64/python3.9/site-packages/psutil/__init__.py
2023-11-14T20:49:24.968932+00:00 DEBUG 'ansible_navigator.main' pyOpenSSL==19.1.0 
2023-11-14T20:49:24.968955+00:00 DEBUG 'ansible_navigator.main' pycairo==1.20.1 
2023-11-14T20:49:24.968978+00:00 DEBUG 'ansible_navigator.main' pycparser==2.21 /usr/lib/python3.9/site-packages/pycparser/__init__.py
2023-11-14T20:49:24.969002+00:00 DEBUG 'ansible_navigator.main' pyinotify==0.9.6 /usr/lib/python3.9/site-packages/pyinotify.py
2023-11-14T20:49:24.969025+00:00 DEBUG 'ansible_navigator.main' pyparsing==2.4.7 /usr/lib/python3.9/site-packages/pyparsing.py
2023-11-14T20:49:24.969048+00:00 DEBUG 'ansible_navigator.main' pyrsistent==0.17.3 /usr/lib64/python3.9/site-packages/pyrsistent/__init__.py
2023-11-14T20:49:24.969071+00:00 DEBUG 'ansible_navigator.main' python-daemon==2.3.0 
2023-11-14T20:49:24.969095+00:00 DEBUG 'ansible_navigator.main' python-dateutil==2.8.1 
2023-11-14T20:49:24.969118+00:00 DEBUG 'ansible_navigator.main' python-linux-procfs==0.7.0 
2023-11-14T20:49:24.969141+00:00 DEBUG 'ansible_navigator.main' pyudev==0.22.0 /usr/lib/python3.9/site-packages/pyudev/__init__.py
2023-11-14T20:49:24.969164+00:00 DEBUG 'ansible_navigator.main' requests==2.27.1 /usr/lib/python3.9/site-packages/requests/__init__.py
2023-11-14T20:49:24.969187+00:00 DEBUG 'ansible_navigator.main' requirements-parser==0.2.0 
2023-11-14T20:49:24.969210+00:00 DEBUG 'ansible_navigator.main' resolvelib==0.5.4 /usr/lib/python3.9/site-packages/resolvelib/__init__.py
2023-11-14T20:49:24.969234+00:00 DEBUG 'ansible_navigator.main' selinux==3.5 /usr/lib64/python3.9/site-packages/selinux/__init__.py
2023-11-14T20:49:24.969256+00:00 DEBUG 'ansible_navigator.main' sepolicy==3.5 /usr/lib/python3.9/site-packages/sepolicy/__init__.py
2023-11-14T20:49:24.969279+00:00 DEBUG 'ansible_navigator.main' setools==4.4.1 /usr/lib64/python3.9/site-packages/setools/__init__.py
2023-11-14T20:49:24.969302+00:00 DEBUG 'ansible_navigator.main' setroubleshoot==3.3.31 /usr/lib/python3.9/site-packages/setroubleshoot/__init__.py
2023-11-14T20:49:24.969325+00:00 DEBUG 'ansible_navigator.main' setuptools==53.0.0 /usr/lib/python3.9/site-packages/setuptools/__init__.py
2023-11-14T20:49:24.969349+00:00 DEBUG 'ansible_navigator.main' six==1.16.0 /usr/lib/python3.9/site-packages/six.py
2023-11-14T20:49:24.969371+00:00 DEBUG 'ansible_navigator.main' sos==4.5.5 /usr/lib/python3.9/site-packages/sos/__init__.py
2023-11-14T20:49:24.969395+00:00 DEBUG 'ansible_navigator.main' subscription-manager==1.29.33.1 
2023-11-14T20:49:24.969495+00:00 DEBUG 'ansible_navigator.main' typing-extensions==3.10.0.2 
2023-11-14T20:49:24.969548+00:00 DEBUG 'ansible_navigator.main' urllib3==1.26.8 /usr/lib/python3.9/site-packages/urllib3/__init__.py
2023-11-14T20:49:24.969578+00:00 DEBUG 'ansible_navigator.main' zipp==3.4.0 /usr/lib/python3.9/site-packages/zipp.py
2023-11-14T20:49:24.969604+00:00 DEBUG 'ansible_navigator.main' Default collection_doc_cache_path set to: /home/ray/.cache/ansible-navigator/collection_doc_cache.db
2023-11-14T20:49:24.969629+00:00 DEBUG 'ansible_navigator.main' EDITOR environment variable not set
2023-11-14T20:49:24.969659+00:00 DEBUG 'ansible_navigator.main' Default editor_command set to: vi +{line_number} {filename}
2023-11-14T20:49:24.969684+00:00 DEBUG 'ansible_navigator.main' No config file set by ANSIBLE_NAVIGATOR_CONFIG
2023-11-14T20:49:24.969708+00:00 DEBUG 'ansible_navigator.main' Looking in /home/ray
2023-11-14T20:49:24.969733+00:00 DEBUG 'ansible_navigator.main' Looking for '/home/ray/.ansible-navigator.yml', '/home/ray/.ansible-navigator.yaml' and '/home/ray/.ansible-navigator.json'
2023-11-14T20:49:24.969757+00:00 DEBUG 'ansible_navigator.main' Found 0: 
2023-11-14T20:49:24.969781+00:00 DEBUG 'ansible_navigator.main' Looking in /home/ray/ansible
2023-11-14T20:49:24.969805+00:00 DEBUG 'ansible_navigator.main' Looking for '/home/ray/ansible/ansible-navigator.yml', '/home/ray/ansible/ansible-navigator.yaml' and '/home/ray/ansible/ansible-navigator.json'
2023-11-14T20:49:24.969830+00:00 DEBUG 'ansible_navigator.main' Found 1: '/home/ray/ansible/ansible-navigator.yml'
2023-11-14T20:49:24.969853+00:00 DEBUG 'ansible_navigator.main' All found 1: '/home/ray/ansible/ansible-navigator.yml'
2023-11-14T20:49:24.969877+00:00 DEBUG 'ansible_navigator.main' Using: /home/ray/ansible/ansible-navigator.yml
2023-11-14T20:49:24.969901+00:00 DEBUG 'ansible_navigator.main' Using settings file at /home/ray/ansible/ansible-navigator.yml in search path
2023-11-14T20:49:24.969924+00:00 DEBUG 'ansible_navigator.main' Command provided: 'all -a 'cat /etc/issue' -b'
2023-11-14T20:49:24.969948+00:00 DEBUG 'ansible_navigator.main' ansible-navigator.ansible-runner.artifact-dir not found in settings file
2023-11-14T20:49:24.969971+00:00 DEBUG 'ansible_navigator.main' ansible-navigator.ansible-runner.rotate-artifacts-count not found in settings file
2023-11-14T20:49:24.969995+00:00 DEBUG 'ansible_navigator.main' ansible-navigator.ansible-runner.timeout not found in settings file
2023-11-14T20:49:24.970018+00:00 DEBUG 'ansible_navigator.main' ansible-navigator.ansible-runner.job-events not found in settings file
2023-11-14T20:49:24.970042+00:00 DEBUG 'ansible_navigator.main' ansible-navigator.app not found in settings file
2023-11-14T20:49:24.970065+00:00 DEBUG 'ansible_navigator.main' ansible-navigator.ansible.cmdline not found in settings file
2023-11-14T20:49:24.970089+00:00 DEBUG 'ansible_navigator.main' ansible-navigator.collection-doc-cache-path not found in settings file
2023-11-14T20:49:24.970112+00:00 DEBUG 'ansible_navigator.main' ansible-navigator.ansible.config.path not found in settings file
2023-11-14T20:49:24.970135+00:00 DEBUG 'ansible_navigator.main' ansible-navigator.execution-environment.container-engine not found in settings file
2023-11-14T20:49:24.970159+00:00 DEBUG 'ansible_navigator.main' ansible-navigator.execution-environment.container-options not found in settings file
2023-11-14T20:49:24.970182+00:00 DEBUG 'ansible_navigator.main' ansible-navigator.color.enable not found in settings file
2023-11-14T20:49:24.970205+00:00 DEBUG 'ansible_navigator.main' ansible-navigator.editor.command not found in settings file
2023-11-14T20:49:24.970228+00:00 DEBUG 'ansible_navigator.main' ansible-navigator.editor.console not found in settings file
2023-11-14T20:49:24.970252+00:00 DEBUG 'ansible_navigator.main' ansible-navigator.enable-prompts not found in settings file
2023-11-14T20:49:24.970275+00:00 DEBUG 'ansible_navigator.main' ansible-navigator.exec.command not found in settings file
2023-11-14T20:49:24.970298+00:00 DEBUG 'ansible_navigator.main' ansible-navigator.exec.shell not found in settings file
2023-11-14T20:49:24.970322+00:00 DEBUG 'ansible_navigator.main' ansible-navigator.execution-environment.enabled not found in settings file
2023-11-14T20:49:24.970345+00:00 DEBUG 'ansible_navigator.main' ansible-navigator.execution-environment.volume-mounts not found in settings file
2023-11-14T20:49:24.970368+00:00 DEBUG 'ansible_navigator.main' ansible-navigator.format not found in settings file
2023-11-14T20:49:24.970419+00:00 DEBUG 'ansible_navigator.main' ansible-navigator.ansible-builder.help not found in settings file
2023-11-14T20:49:24.970460+00:00 DEBUG 'ansible_navigator.main' ansible-navigator.ansible.config.help not found in settings file
2023-11-14T20:49:24.970490+00:00 DEBUG 'ansible_navigator.main' ansible-navigator.ansible.doc.help not found in settings file
2023-11-14T20:49:24.970516+00:00 DEBUG 'ansible_navigator.main' ansible-navigator.ansible.inventory.help not found in settings file
2023-11-14T20:49:24.970541+00:00 DEBUG 'ansible_navigator.main' ansible-navigator.ansible.playbook.help not found in settings file
2023-11-14T20:49:24.970565+00:00 DEBUG 'ansible_navigator.main' ansible-navigator.images.details not found in settings file
2023-11-14T20:49:24.970589+00:00 DEBUG 'ansible_navigator.main' ansible-navigator.ansible.inventory.entries not found in settings file
2023-11-14T20:49:24.970613+00:00 DEBUG 'ansible_navigator.main' ansible-navigator.inventory-columns not found in settings file
2023-11-14T20:49:24.970637+00:00 DEBUG 'ansible_navigator.main' ansible-navigator.ansible-lint.config not found in settings file
2023-11-14T20:49:24.970661+00:00 DEBUG 'ansible_navigator.main' ansible-navigator.ansible-lint.lintables not found in settings file
2023-11-14T20:49:24.970685+00:00 DEBUG 'ansible_navigator.main' ansible-navigator.logging.append not found in settings file
2023-11-14T20:49:24.970708+00:00 DEBUG 'ansible_navigator.main' ansible-navigator.logging.file not found in settings file
2023-11-14T20:49:24.970731+00:00 DEBUG 'ansible_navigator.main' ansible-navigator.logging.level not found in settings file
2023-11-14T20:49:24.970754+00:00 DEBUG 'ansible_navigator.main' ansible-navigator.mode not found in settings file
2023-11-14T20:49:24.970778+00:00 DEBUG 'ansible_navigator.main' ansible-navigator.color.osc4 not found in settings file
2023-11-14T20:49:24.970801+00:00 DEBUG 'ansible_navigator.main' ansible-navigator.execution-environment.environment-variables.pass not found in settings file
2023-11-14T20:49:24.970824+00:00 DEBUG 'ansible_navigator.main' ansible-navigator.ansible.playbook.path not found in settings file
2023-11-14T20:49:24.970848+00:00 DEBUG 'ansible_navigator.main' ansible-navigator.playbook-artifact.replay not found in settings file
2023-11-14T20:49:24.970871+00:00 DEBUG 'ansible_navigator.main' ansible-navigator.playbook-artifact.save-as not found in settings file
2023-11-14T20:49:24.970895+00:00 DEBUG 'ansible_navigator.main' ansible-navigator.ansible.doc.plugin.name not found in settings file
2023-11-14T20:49:24.970918+00:00 DEBUG 'ansible_navigator.main' ansible-navigator.ansible.doc.plugin.type not found in settings file
2023-11-14T20:49:24.970942+00:00 DEBUG 'ansible_navigator.main' ansible-navigator.execution-environment.pull.arguments not found in settings file
2023-11-14T20:49:24.970965+00:00 DEBUG 'ansible_navigator.main' ansible-navigator.execution-environment.environment-variables.set not found in settings file
2023-11-14T20:49:24.970989+00:00 DEBUG 'ansible_navigator.main' ansible-navigator.settings.effective not found in settings file
2023-11-14T20:49:24.971012+00:00 DEBUG 'ansible_navigator.main' ansible-navigator.settings.sample not found in settings file
2023-11-14T20:49:24.971035+00:00 DEBUG 'ansible_navigator.main' ansible-navigator.settings.schema not found in settings file
2023-11-14T20:49:24.971059+00:00 DEBUG 'ansible_navigator.main' ansible-navigator.settings.sources not found in settings file
2023-11-14T20:49:24.971082+00:00 DEBUG 'ansible_navigator.main' ansible-navigator.time-zone not found in settings file
2023-11-14T20:49:24.971105+00:00 DEBUG 'ansible_navigator.main' ansible-navigator.ansible-builder.workdir not found in settings file
2023-11-14T20:49:24.971132+00:00 WARNING 'ansible_navigator.main' Configuration errors encountered, rolling back to previous configuration.
2023-11-14T20:49:24.971156+00:00 DEBUG 'ansible_navigator.main' Prior to rollback: ansible_runner_artifact_dir = 'Not set' (Constants/Not set)
2023-11-14T20:49:24.971180+00:00 DEBUG 'ansible_navigator.main' Prior to rollback: ansible_runner_rotate_artifacts_count = 'Not set' (Constants/Not set)
2023-11-14T20:49:24.971207+00:00 DEBUG 'ansible_navigator.main' Prior to rollback: ansible_runner_timeout = 'Not set' (Constants/Not set)
2023-11-14T20:49:24.971231+00:00 DEBUG 'ansible_navigator.main' Prior to rollback: ansible_runner_write_job_events = 'False' (bool/Defaults)
2023-11-14T20:49:24.971254+00:00 DEBUG 'ansible_navigator.main' Prior to rollback: app = 'welcome' (str/Defaults)
2023-11-14T20:49:24.971277+00:00 DEBUG 'ansible_navigator.main' Prior to rollback: cmdline = '['all', '-a', 'cat /etc/issue', '-b']' (list/Command line)
2023-11-14T20:49:24.971301+00:00 DEBUG 'ansible_navigator.main' Prior to rollback: collection_doc_cache_path = '/home/ray/.cache/ansible-navigator/collection_doc_cache.db' (str/Defaults)
2023-11-14T20:49:24.971325+00:00 DEBUG 'ansible_navigator.main' Prior to rollback: config = 'Not set' (Constants/Not set)
2023-11-14T20:49:24.971348+00:00 DEBUG 'ansible_navigator.main' Prior to rollback: container_engine = 'auto' (str/Defaults)
2023-11-14T20:49:24.971431+00:00 DEBUG 'ansible_navigator.main' Prior to rollback: container_options = 'Not set' (Constants/Not set)
2023-11-14T20:49:24.971485+00:00 DEBUG 'ansible_navigator.main' Prior to rollback: display_color = 'True' (bool/Defaults)
2023-11-14T20:49:24.971513+00:00 DEBUG 'ansible_navigator.main' Prior to rollback: editor_command = 'vi +{line_number} {filename}' (str/Defaults)
2023-11-14T20:49:24.971538+00:00 DEBUG 'ansible_navigator.main' Prior to rollback: editor_console = 'True' (bool/Defaults)
2023-11-14T20:49:24.971562+00:00 DEBUG 'ansible_navigator.main' Prior to rollback: enable_prompts = 'False' (bool/Defaults)
2023-11-14T20:49:24.971587+00:00 DEBUG 'ansible_navigator.main' Prior to rollback: exec_command = '/bin/bash' (str/Defaults)
2023-11-14T20:49:24.971611+00:00 DEBUG 'ansible_navigator.main' Prior to rollback: exec_shell = 'True' (bool/Defaults)
2023-11-14T20:49:24.971635+00:00 DEBUG 'ansible_navigator.main' Prior to rollback: execution_environment = 'True' (bool/Defaults)
2023-11-14T20:49:24.971658+00:00 DEBUG 'ansible_navigator.main' Prior to rollback: execution_environment_image = 'registry.redhat.io/ansible-automation-platform-22/ee-supported-rhel8:latest' (str/Settings file)
2023-11-14T20:49:24.971682+00:00 DEBUG 'ansible_navigator.main' Prior to rollback: execution_environment_volume_mounts = 'Not set' (Constants/Not set)
2023-11-14T20:49:24.971706+00:00 DEBUG 'ansible_navigator.main' Prior to rollback: format = 'yaml' (str/Defaults)
2023-11-14T20:49:24.971730+00:00 DEBUG 'ansible_navigator.main' Prior to rollback: help_builder = 'False' (bool/Defaults)
2023-11-14T20:49:24.971753+00:00 DEBUG 'ansible_navigator.main' Prior to rollback: help_config = 'False' (bool/Defaults)
2023-11-14T20:49:24.971776+00:00 DEBUG 'ansible_navigator.main' Prior to rollback: help_doc = 'False' (bool/Defaults)
2023-11-14T20:49:24.971800+00:00 DEBUG 'ansible_navigator.main' Prior to rollback: help_inventory = 'False' (bool/Defaults)
2023-11-14T20:49:24.971823+00:00 DEBUG 'ansible_navigator.main' Prior to rollback: help_playbook = 'False' (bool/Defaults)
2023-11-14T20:49:24.971846+00:00 DEBUG 'ansible_navigator.main' Prior to rollback: images_details = '['everything']' (list/Defaults)
2023-11-14T20:49:24.971869+00:00 DEBUG 'ansible_navigator.main' Prior to rollback: inventory = 'Not set' (Constants/Not set)
2023-11-14T20:49:24.971892+00:00 DEBUG 'ansible_navigator.main' Prior to rollback: inventory_column = 'Not set' (Constants/Not set)
2023-11-14T20:49:24.971915+00:00 DEBUG 'ansible_navigator.main' Prior to rollback: lint_config = 'Not set' (Constants/Not set)
2023-11-14T20:49:24.971938+00:00 DEBUG 'ansible_navigator.main' Prior to rollback: lintables = 'Not set' (Constants/Not set)
2023-11-14T20:49:24.971961+00:00 DEBUG 'ansible_navigator.main' Prior to rollback: log_append = 'True' (bool/Defaults)
2023-11-14T20:49:24.971984+00:00 DEBUG 'ansible_navigator.main' Prior to rollback: log_file = '/home/ray/ansible/ansible-navigator.log' (str/Defaults)
2023-11-14T20:49:24.972008+00:00 DEBUG 'ansible_navigator.main' Prior to rollback: log_level = 'warning' (str/Defaults)
2023-11-14T20:49:24.972035+00:00 DEBUG 'ansible_navigator.main' Prior to rollback: mode = 'interactive' (str/Defaults)
2023-11-14T20:49:24.972059+00:00 DEBUG 'ansible_navigator.main' Prior to rollback: osc4 = 'True' (bool/Defaults)
2023-11-14T20:49:24.972082+00:00 DEBUG 'ansible_navigator.main' Prior to rollback: pass_environment_variable = 'Not set' (Constants/Not set)
2023-11-14T20:49:24.972105+00:00 DEBUG 'ansible_navigator.main' Prior to rollback: playbook = 'Not set' (Constants/Not set)
2023-11-14T20:49:24.972128+00:00 DEBUG 'ansible_navigator.main' Prior to rollback: playbook_artifact_enable = 'False' (bool/Settings file)
2023-11-14T20:49:24.972151+00:00 DEBUG 'ansible_navigator.main' Prior to rollback: playbook_artifact_replay = 'Not set' (Constants/Not set)
2023-11-14T20:49:24.972173+00:00 DEBUG 'ansible_navigator.main' Prior to rollback: playbook_artifact_save_as = '{playbook_dir}/{playbook_name}-artifact-{time_stamp}.json' (str/Defaults)
2023-11-14T20:49:24.972196+00:00 DEBUG 'ansible_navigator.main' Prior to rollback: plugin_name = 'Not set' (Constants/Not set)
2023-11-14T20:49:24.972219+00:00 DEBUG 'ansible_navigator.main' Prior to rollback: plugin_type = 'module' (str/Defaults)
2023-11-14T20:49:24.972242+00:00 DEBUG 'ansible_navigator.main' Prior to rollback: pull_arguments = 'Not set' (Constants/Not set)
2023-11-14T20:49:24.972265+00:00 DEBUG 'ansible_navigator.main' Prior to rollback: pull_policy = 'missing' (str/Settings file)
2023-11-14T20:49:24.972288+00:00 DEBUG 'ansible_navigator.main' Prior to rollback: set_environment_variable = 'Not set' (Constants/Not set)
2023-11-14T20:49:24.972311+00:00 DEBUG 'ansible_navigator.main' Prior to rollback: settings_effective = 'False' (bool/Defaults)
2023-11-14T20:49:24.972334+00:00 DEBUG 'ansible_navigator.main' Prior to rollback: settings_sample = 'False' (bool/Defaults)
2023-11-14T20:49:24.972398+00:00 DEBUG 'ansible_navigator.main' Prior to rollback: settings_schema = 'json' (str/Defaults)
2023-11-14T20:49:24.972448+00:00 DEBUG 'ansible_navigator.main' Prior to rollback: settings_sources = 'False' (bool/Defaults)
2023-11-14T20:49:24.972481+00:00 DEBUG 'ansible_navigator.main' Prior to rollback: time_zone = 'UTC' (str/Defaults)
2023-11-14T20:49:24.972512+00:00 DEBUG 'ansible_navigator.main' Prior to rollback: workdir = '/home/ray/ansible' (str/Defaults)
2023-11-14T20:49:24.972552+00:00 DEBUG 'ansible_navigator.main' After rollback: ansible_runner_artifact_dir = 'Not set' (Constants/Not set)
2023-11-14T20:49:24.972605+00:00 DEBUG 'ansible_navigator.main' After rollback: ansible_runner_rotate_artifacts_count = 'Not set' (Constants/Not set)
2023-11-14T20:49:24.972639+00:00 DEBUG 'ansible_navigator.main' After rollback: ansible_runner_timeout = 'Not set' (Constants/Not set)
2023-11-14T20:49:24.972667+00:00 DEBUG 'ansible_navigator.main' After rollback: ansible_runner_write_job_events = 'Not set' (Constants/Not set)
2023-11-14T20:49:24.972692+00:00 DEBUG 'ansible_navigator.main' After rollback: app = 'Not set' (Constants/Not set)
2023-11-14T20:49:24.972716+00:00 DEBUG 'ansible_navigator.main' After rollback: cmdline = 'Not set' (Constants/Not set)
2023-11-14T20:49:24.972740+00:00 DEBUG 'ansible_navigator.main' After rollback: collection_doc_cache_path = 'Not set' (Constants/Not set)
2023-11-14T20:49:24.972764+00:00 DEBUG 'ansible_navigator.main' After rollback: config = 'Not set' (Constants/Not set)
2023-11-14T20:49:24.972788+00:00 DEBUG 'ansible_navigator.main' After rollback: container_engine = 'Not set' (Constants/Not set)
2023-11-14T20:49:24.972811+00:00 DEBUG 'ansible_navigator.main' After rollback: container_options = 'Not set' (Constants/Not set)
2023-11-14T20:49:24.972835+00:00 DEBUG 'ansible_navigator.main' After rollback: display_color = 'Not set' (Constants/Not set)
2023-11-14T20:49:24.972858+00:00 DEBUG 'ansible_navigator.main' After rollback: editor_command = 'Not set' (Constants/Not set)
2023-11-14T20:49:24.972882+00:00 DEBUG 'ansible_navigator.main' After rollback: editor_console = 'Not set' (Constants/Not set)
2023-11-14T20:49:24.972905+00:00 DEBUG 'ansible_navigator.main' After rollback: enable_prompts = 'Not set' (Constants/Not set)
2023-11-14T20:49:24.972932+00:00 DEBUG 'ansible_navigator.main' After rollback: exec_command = 'Not set' (Constants/Not set)
2023-11-14T20:49:24.972956+00:00 DEBUG 'ansible_navigator.main' After rollback: exec_shell = 'Not set' (Constants/Not set)
2023-11-14T20:49:24.972980+00:00 DEBUG 'ansible_navigator.main' After rollback: execution_environment = 'Not set' (Constants/Not set)
2023-11-14T20:49:24.973003+00:00 DEBUG 'ansible_navigator.main' After rollback: execution_environment_image = 'Not set' (Constants/Not set)
2023-11-14T20:49:24.973027+00:00 DEBUG 'ansible_navigator.main' After rollback: execution_environment_volume_mounts = 'Not set' (Constants/Not set)
2023-11-14T20:49:24.973050+00:00 DEBUG 'ansible_navigator.main' After rollback: format = 'Not set' (Constants/Not set)
2023-11-14T20:49:24.973074+00:00 DEBUG 'ansible_navigator.main' After rollback: help_builder = 'Not set' (Constants/Not set)
2023-11-14T20:49:24.973097+00:00 DEBUG 'ansible_navigator.main' After rollback: help_config = 'Not set' (Constants/Not set)
2023-11-14T20:49:24.973121+00:00 DEBUG 'ansible_navigator.main' After rollback: help_doc = 'Not set' (Constants/Not set)
2023-11-14T20:49:24.973144+00:00 DEBUG 'ansible_navigator.main' After rollback: help_inventory = 'Not set' (Constants/Not set)
2023-11-14T20:49:24.973167+00:00 DEBUG 'ansible_navigator.main' After rollback: help_playbook = 'Not set' (Constants/Not set)
2023-11-14T20:49:24.973190+00:00 DEBUG 'ansible_navigator.main' After rollback: images_details = 'Not set' (Constants/Not set)
2023-11-14T20:49:24.973214+00:00 DEBUG 'ansible_navigator.main' After rollback: inventory = 'Not set' (Constants/Not set)
2023-11-14T20:49:24.973237+00:00 DEBUG 'ansible_navigator.main' After rollback: inventory_column = 'Not set' (Constants/Not set)
2023-11-14T20:49:24.973260+00:00 DEBUG 'ansible_navigator.main' After rollback: lint_config = 'Not set' (Constants/Not set)
2023-11-14T20:49:24.973283+00:00 DEBUG 'ansible_navigator.main' After rollback: lintables = 'Not set' (Constants/Not set)
2023-11-14T20:49:24.973306+00:00 DEBUG 'ansible_navigator.main' After rollback: log_append = 'Not set' (Constants/Not set)
2023-11-14T20:49:24.973329+00:00 DEBUG 'ansible_navigator.main' After rollback: log_file = 'Not set' (Constants/Not set)
2023-11-14T20:49:24.973416+00:00 DEBUG 'ansible_navigator.main' After rollback: log_level = 'Not set' (Constants/Not set)
2023-11-14T20:49:24.973461+00:00 DEBUG 'ansible_navigator.main' After rollback: mode = 'Not set' (Constants/Not set)
2023-11-14T20:49:24.973509+00:00 DEBUG 'ansible_navigator.main' After rollback: osc4 = 'Not set' (Constants/Not set)
2023-11-14T20:49:24.973535+00:00 DEBUG 'ansible_navigator.main' After rollback: pass_environment_variable = 'Not set' (Constants/Not set)
2023-11-14T20:49:24.973560+00:00 DEBUG 'ansible_navigator.main' After rollback: playbook = 'Not set' (Constants/Not set)
2023-11-14T20:49:24.973585+00:00 DEBUG 'ansible_navigator.main' After rollback: playbook_artifact_enable = 'Not set' (Constants/Not set)
2023-11-14T20:49:24.973609+00:00 DEBUG 'ansible_navigator.main' After rollback: playbook_artifact_replay = 'Not set' (Constants/Not set)
2023-11-14T20:49:24.973633+00:00 DEBUG 'ansible_navigator.main' After rollback: playbook_artifact_save_as = 'Not set' (Constants/Not set)
2023-11-14T20:49:24.973657+00:00 DEBUG 'ansible_navigator.main' After rollback: plugin_name = 'Not set' (Constants/Not set)
2023-11-14T20:49:24.973681+00:00 DEBUG 'ansible_navigator.main' After rollback: plugin_type = 'Not set' (Constants/Not set)
2023-11-14T20:49:24.973705+00:00 DEBUG 'ansible_navigator.main' After rollback: pull_arguments = 'Not set' (Constants/Not set)
2023-11-14T20:49:24.973728+00:00 DEBUG 'ansible_navigator.main' After rollback: pull_policy = 'Not set' (Constants/Not set)
2023-11-14T20:49:24.973752+00:00 DEBUG 'ansible_navigator.main' After rollback: set_environment_variable = 'Not set' (Constants/Not set)
2023-11-14T20:49:24.973776+00:00 DEBUG 'ansible_navigator.main' After rollback: settings_effective = 'Not set' (Constants/Not set)
2023-11-14T20:49:24.973804+00:00 DEBUG 'ansible_navigator.main' After rollback: settings_sample = 'Not set' (Constants/Not set)
2023-11-14T20:49:24.973828+00:00 DEBUG 'ansible_navigator.main' After rollback: settings_schema = 'Not set' (Constants/Not set)
2023-11-14T20:49:24.973852+00:00 DEBUG 'ansible_navigator.main' After rollback: settings_sources = 'Not set' (Constants/Not set)
2023-11-14T20:49:24.973876+00:00 DEBUG 'ansible_navigator.main' After rollback: time_zone = 'Not set' (Constants/Not set)
2023-11-14T20:49:24.973899+00:00 DEBUG 'ansible_navigator.main' After rollback: workdir = 'Not set' (Constants/Not set)
2023-11-14T20:49:24.973922+00:00 DEBUG 'ansible_navigator.main' Configuration rollback complete.
2023-11-14T20:49:24.973946+00:00 DEBUG 'ansible_navigator.main' Collection doc cache not mounted
2023-11-14T20:49:24.973982+00:00 WARNING 'ansible_navigator.main' Issues were found while applying the settings.
2023-11-14T20:49:24.974010+00:00 INFO 'ansible_navigator.main' Command provided: 'all -a 'cat /etc/issue' -b'
2023-11-14T20:49:24.974040+00:00 ERROR 'ansible_navigator.main' argument {subcommand} --help: invalid choice: 'all' (choose from 'builder', 'collections', 'config', 'doc', 'exec', 'images', 'inventory', 'lint', 'replay', 'run', 'settings', 'welcome')
2023-11-14T20:49:24.974067+00:00 INFO 'ansible_navigator.main' Configuration failed, using default log file location. (/home/ray/ansible/ansible-navigator.log) Log level set to debug
2023-11-14T20:49:24.974093+00:00 INFO 'ansible_navigator.main' Review the hints and log file to see what went wrong.
